New log file opened at Fri Sep 15 07:01:47 GMT+09:00 2017 by 8692@Curtis-Desktop
Taking next connection to: 6586
New client attempting to connect on port: 6587-6586
  Address = /192.168.99.1:6586
This client on port 6587 has uuid fba5b389-32a2-4daf-a8b3-56b11a8c297f configName activator humanReadableName Activator protocolVersion 3 featureTags Vector()
Connected Clients: activator-fba5b389-32a2-4daf-a8b3-56b11a8c297f
Taking next connection to: 6586
New client attempting to connect on port: 6588-6586
  Address = /192.168.99.1:6586
Handshake exception on socket: 6588
sbt.impl.ipc.HandshakeException: Unable to perform handshake
	at sbt.impl.ipc.Peer.handshake(IPC.scala:46)
	at sbt.impl.ipc.MultiClientServer.<init>(IPC.scala:150)
	at sbt.server.SbtServerSocketHandler$$anon$1.run(SbtServerSocketHandler.scala:43)
Caused by: java.net.SocketException: Software caused connection abort: recv failed
	at java.net.SocketInputStream.socketRead0(Native Method)
	at java.net.SocketInputStream.socketRead(SocketInputStream.java:116)
	at java.net.SocketInputStream.read(SocketInputStream.java:171)
	at java.net.SocketInputStream.read(SocketInputStream.java:141)
	at java.io.BufferedInputStream.fill(BufferedInputStream.java:246)
	at java.io.BufferedInputStream.read(BufferedInputStream.java:265)
	at java.io.DataInputStream.readInt(DataInputStream.java:387)
	at sbt.impl.ipc.Peer.receive(IPC.scala:95)
	at sbt.impl.ipc.Peer.handshake(IPC.scala:49)
	... 2 more
Taking next connection to: 6586
New client attempting to connect on port: 6589-6586
  Address = /192.168.99.1:6586
This client on port 6589 has uuid 85f0f7de-5149-4124-827c-51212022dd11 configName activator humanReadableName Activator protocolVersion 3 featureTags Vector()
Connected Clients: activator-fba5b389-32a2-4daf-a8b3-56b11a8c297f, activator-85f0f7de-5149-4124-827c-51212022dd11
Taking next connection to: 6586
New client attempting to connect on port: 6591-6586
  Address = /192.168.99.1:6586
Handshake exception on socket: 6591
sbt.impl.ipc.HandshakeException: Unable to perform handshake
	at sbt.impl.ipc.Peer.handshake(IPC.scala:46)
	at sbt.impl.ipc.MultiClientServer.<init>(IPC.scala:150)
	at sbt.server.SbtServerSocketHandler$$anon$1.run(SbtServerSocketHandler.scala:43)
Caused by: java.net.SocketException: Software caused connection abort: recv failed
	at java.net.SocketInputStream.socketRead0(Native Method)
	at java.net.SocketInputStream.socketRead(SocketInputStream.java:116)
	at java.net.SocketInputStream.read(SocketInputStream.java:171)
	at java.net.SocketInputStream.read(SocketInputStream.java:141)
	at java.io.BufferedInputStream.fill(BufferedInputStream.java:246)
	at java.io.BufferedInputStream.read(BufferedInputStream.java:265)
	at java.io.DataInputStream.readInt(DataInputStream.java:387)
	at sbt.impl.ipc.Peer.receive(IPC.scala:95)
	at sbt.impl.ipc.Peer.handshake(IPC.scala:49)
	... 2 more
Taking next connection to: 6586
New client attempting to connect on port: 6592-6586
  Address = /192.168.99.1:6586
This client on port 6592 has uuid 1b19f048-f5bd-4e00-8b5e-2502032bfa17 configName play-fork-run humanReadableName Play Fork Run protocolVersion 1 featureTags Vector()
Connected Clients: activator-85f0f7de-5149-4124-827c-51212022dd11, play-fork-run-1b19f048-f5bd-4e00-8b5e-2502032bfa17
Taking next connection to: 6586
Checking to see if clients are empty...
We have 1 non-daemon clients, continuing serving connections.
Taking next connection to: 6586
Checking to see if clients are empty...
We have 1 non-daemon clients, continuing serving connections.
Taking next connection to: 6586
Checking to see if clients are empty...
We have 1 non-daemon clients, continuing serving connections.
Taking next connection to: 6586
Checking to see if clients are empty...
We have 1 non-daemon clients, continuing serving connections.
Taking next connection to: 6586
Checking to see if clients are empty...
We have 1 non-daemon clients, continuing serving connections.
Taking next connection to: 6586
Checking to see if clients are empty...
We have 1 non-daemon clients, continuing serving connections.
Taking next connection to: 6586
Checking to see if clients are empty...
We have 1 non-daemon clients, continuing serving connections.
Taking next connection to: 6586
Checking to see if clients are empty...
We have 1 non-daemon clients, continuing serving connections.
Taking next connection to: 6586
Checking to see if clients are empty...
We have 1 non-daemon clients, continuing serving connections.
Taking next connection to: 6586
Checking to see if clients are empty...
We have 1 non-daemon clients, continuing serving connections.
Taking next connection to: 6586
Checking to see if clients are empty...
We have 1 non-daemon clients, continuing serving connections.
Taking next connection to: 6586
Checking to see if clients are empty...
We have 1 non-daemon clients, continuing serving connections.
Taking next connection to: 6586
Checking to see if clients are empty...
We have 1 non-daemon clients, continuing serving connections.
Taking next connection to: 6586
Checking to see if clients are empty...
We have 1 non-daemon clients, continuing serving connections.
Taking next connection to: 6586
Checking to see if clients are empty...
We have 1 non-daemon clients, continuing serving connections.
Taking next connection to: 6586
Checking to see if clients are empty...
We have 1 non-daemon clients, continuing serving connections.
Taking next connection to: 6586
Checking to see if clients are empty...
We have 1 non-daemon clients, continuing serving connections.
Taking next connection to: 6586
Checking to see if clients are empty...
We have 1 non-daemon clients, continuing serving connections.
Taking next connection to: 6586
Checking to see if clients are empty...
We have 1 non-daemon clients, continuing serving connections.
Taking next connection to: 6586
Checking to see if clients are empty...
We have 1 non-daemon clients, continuing serving connections.
Taking next connection to: 6586
Checking to see if clients are empty...
We have 1 non-daemon clients, continuing serving connections.
Taking next connection to: 6586
Checking to see if clients are empty...
We have 1 non-daemon clients, continuing serving connections.
Taking next connection to: 6586
Checking to see if clients are empty...
We have 1 non-daemon clients, continuing serving connections.
Taking next connection to: 6586
Checking to see if clients are empty...
We have 1 non-daemon clients, continuing serving connections.
Taking next connection to: 6586
Checking to see if clients are empty...
We have 1 non-daemon clients, continuing serving connections.
Taking next connection to: 6586
Checking to see if clients are empty...
We have 1 non-daemon clients, continuing serving connections.
Taking next connection to: 6586
Checking to see if clients are empty...
We have 1 non-daemon clients, continuing serving connections.
Taking next connection to: 6586
Checking to see if clients are empty...
We have 1 non-daemon clients, continuing serving connections.
Taking next connection to: 6586
Checking to see if clients are empty...
We have 1 non-daemon clients, continuing serving connections.
Taking next connection to: 6586
Checking to see if clients are empty...
We have 1 non-daemon clients, continuing serving connections.
Taking next connection to: 6586
Checking to see if clients are empty...
We have 1 non-daemon clients, continuing serving connections.
Taking next connection to: 6586
Checking to see if clients are empty...
We have 1 non-daemon clients, continuing serving connections.
Taking next connection to: 6586
Checking to see if clients are empty...
We have 1 non-daemon clients, continuing serving connections.
Taking next connection to: 6586
Checking to see if clients are empty...
We have 1 non-daemon clients, continuing serving connections.
Taking next connection to: 6586
Checking to see if clients are empty...
We have 1 non-daemon clients, continuing serving connections.
Taking next connection to: 6586
Checking to see if clients are empty...
We have 1 non-daemon clients, continuing serving connections.
Taking next connection to: 6586
Checking to see if clients are empty...
We have 1 non-daemon clients, continuing serving connections.
Taking next connection to: 6586
Checking to see if clients are empty...
We have 1 non-daemon clients, continuing serving connections.
Taking next connection to: 6586
Checking to see if clients are empty...
We have 1 non-daemon clients, continuing serving connections.
Taking next connection to: 6586
Checking to see if clients are empty...
We have 1 non-daemon clients, continuing serving connections.
Taking next connection to: 6586
Checking to see if clients are empty...
We have 1 non-daemon clients, continuing serving connections.
Taking next connection to: 6586
Checking to see if clients are empty...
We have 1 non-daemon clients, continuing serving connections.
Taking next connection to: 6586
Checking to see if clients are empty...
We have 1 non-daemon clients, continuing serving connections.
Taking next connection to: 6586
Checking to see if clients are empty...
We have 1 non-daemon clients, continuing serving connections.
Taking next connection to: 6586
Checking to see if clients are empty...
We have 1 non-daemon clients, continuing serving connections.
Taking next connection to: 6586
Checking to see if clients are empty...
We have 1 non-daemon clients, continuing serving connections.
Taking next connection to: 6586
Checking to see if clients are empty...
We have 1 non-daemon clients, continuing serving connections.
Taking next connection to: 6586
Checking to see if clients are empty...
We have 1 non-daemon clients, continuing serving connections.
Taking next connection to: 6586
Checking to see if clients are empty...
We have 1 non-daemon clients, continuing serving connections.
Taking next connection to: 6586
Checking to see if clients are empty...
We have 1 non-daemon clients, continuing serving connections.
Taking next connection to: 6586
Checking to see if clients are empty...
We have 1 non-daemon clients, continuing serving connections.
Taking next connection to: 6586
Checking to see if clients are empty...
We have 1 non-daemon clients, continuing serving connections.
Taking next connection to: 6586
Checking to see if clients are empty...
We have 1 non-daemon clients, continuing serving connections.
Taking next connection to: 6586
Checking to see if clients are empty...
We have 1 non-daemon clients, continuing serving connections.
Taking next connection to: 6586
Checking to see if clients are empty...
We have 1 non-daemon clients, continuing serving connections.
Taking next connection to: 6586
Checking to see if clients are empty...
We have 1 non-daemon clients, continuing serving connections.
Taking next connection to: 6586
Checking to see if clients are empty...
We have 1 non-daemon clients, continuing serving connections.
Taking next connection to: 6586
Checking to see if clients are empty...
We have 1 non-daemon clients, continuing serving connections.
Taking next connection to: 6586
Checking to see if clients are empty...
We have 1 non-daemon clients, continuing serving connections.
Taking next connection to: 6586
Checking to see if clients are empty...
We have 1 non-daemon clients, continuing serving connections.
Taking next connection to: 6586
Checking to see if clients are empty...
We have 1 non-daemon clients, continuing serving connections.
Taking next connection to: 6586
Checking to see if clients are empty...
We have 1 non-daemon clients, continuing serving connections.
Taking next connection to: 6586
Checking to see if clients are empty...
We have 1 non-daemon clients, continuing serving connections.
Taking next connection to: 6586
Checking to see if clients are empty...
We have 1 non-daemon clients, continuing serving connections.
Taking next connection to: 6586
Checking to see if clients are empty...
We have 1 non-daemon clients, continuing serving connections.
Taking next connection to: 6586
Checking to see if clients are empty...
We have 1 non-daemon clients, continuing serving connections.
Taking next connection to: 6586
Checking to see if clients are empty...
We have 1 non-daemon clients, continuing serving connections.
Taking next connection to: 6586
Checking to see if clients are empty...
We have 1 non-daemon clients, continuing serving connections.
Taking next connection to: 6586
Checking to see if clients are empty...
We have 1 non-daemon clients, continuing serving connections.
Taking next connection to: 6586
Checking to see if clients are empty...
We have 1 non-daemon clients, continuing serving connections.
Taking next connection to: 6586
Checking to see if clients are empty...
We have 1 non-daemon clients, continuing serving connections.
Taking next connection to: 6586
Checking to see if clients are empty...
We have 1 non-daemon clients, continuing serving connections.
Taking next connection to: 6586
Checking to see if clients are empty...
We have 1 non-daemon clients, continuing serving connections.
Taking next connection to: 6586
Checking to see if clients are empty...
We have 1 non-daemon clients, continuing serving connections.
Taking next connection to: 6586
Checking to see if clients are empty...
We have 1 non-daemon clients, continuing serving connections.
Taking next connection to: 6586
Checking to see if clients are empty...
We have 1 non-daemon clients, continuing serving connections.
Taking next connection to: 6586
Checking to see if clients are empty...
We have 1 non-daemon clients, continuing serving connections.
Taking next connection to: 6586
Checking to see if clients are empty...
We have 1 non-daemon clients, continuing serving connections.
Taking next connection to: 6586
Checking to see if clients are empty...
We have 1 non-daemon clients, continuing serving connections.
Taking next connection to: 6586
Checking to see if clients are empty...
We have 1 non-daemon clients, continuing serving connections.
Taking next connection to: 6586
Checking to see if clients are empty...
We have 1 non-daemon clients, continuing serving connections.
Taking next connection to: 6586
Checking to see if clients are empty...
We have 1 non-daemon clients, continuing serving connections.
Taking next connection to: 6586
Checking to see if clients are empty...
We have 1 non-daemon clients, continuing serving connections.
Taking next connection to: 6586
Checking to see if clients are empty...
We have 1 non-daemon clients, continuing serving connections.
Taking next connection to: 6586
Checking to see if clients are empty...
We have 1 non-daemon clients, continuing serving connections.
Taking next connection to: 6586
Checking to see if clients are empty...
We have 1 non-daemon clients, continuing serving connections.
Taking next connection to: 6586
Checking to see if clients are empty...
We have 1 non-daemon clients, continuing serving connections.
Taking next connection to: 6586
Checking to see if clients are empty...
We have 1 non-daemon clients, continuing serving connections.
Taking next connection to: 6586
Checking to see if clients are empty...
We have 1 non-daemon clients, continuing serving connections.
Taking next connection to: 6586
Checking to see if clients are empty...
We have 1 non-daemon clients, continuing serving connections.
Taking next connection to: 6586
Checking to see if clients are empty...
We have 1 non-daemon clients, continuing serving connections.
Taking next connection to: 6586
Checking to see if clients are empty...
We have 1 non-daemon clients, continuing serving connections.
Taking next connection to: 6586
Checking to see if clients are empty...
We have 1 non-daemon clients, continuing serving connections.
Taking next connection to: 6586
Checking to see if clients are empty...
We have 1 non-daemon clients, continuing serving connections.
Taking next connection to: 6586
Checking to see if clients are empty...
We have 1 non-daemon clients, continuing serving connections.
Taking next connection to: 6586
Checking to see if clients are empty...
We have 1 non-daemon clients, continuing serving connections.
Taking next connection to: 6586
Checking to see if clients are empty...
We have 1 non-daemon clients, continuing serving connections.
Taking next connection to: 6586
